<?xml version="1.0" encoding="UTF-8"?>
<!-- Generated by org.testng.reporters.JUnitReportReporter -->
<testsuite hostname="LAPTOP-O69DTGE7" name="SonarMavenProject.SonarMavenProject.TestNGDemo" tests="1" failures="0" timestamp="6 Jun 2021 11:22:46 GMT" time="0.554" errors="0">
  <testcase name="test01" time="0.554" classname="SonarMavenProject.SonarMavenProject.TestNGDemo"/>
</testsuite> <!-- SonarMavenProject.SonarMavenProject.TestNGDemo -->
